<?xml version="1.0" encoding="UTF-8"?>
<testng-results ignored="0" total="2" passed="2" failed="0" skipped="0">
  <reporter-output>
  </reporter-output>
  <suite started-at="2024-12-23T20:50:58 IST" name="Suite" finished-at="2024-12-23T20:51:19 IST" duration-ms="21087">
    <groups>
    </groups>
    <test started-at="2024-12-23T20:50:58 IST" name="SauceDemoTests" finished-at="2024-12-23T20:51:19 IST" duration-ms="21087">
      <class name="com.saucedemo.tests.EndToEndWorkflowTest">
        <test-method is-config="true" signature="setUp(org.testng.ITestContext)[pri:0, instance:com.saucedemo.tests.EndToEndWorkflowTest@5bf8fa12]" started-at="2024-12-23T20:50:59 IST" name="setUp" finished-at="2024-12-23T20:51:04 IST" duration-ms="4597" status="PASS">
          <params>
            <param index="0">
              <value>
                <![CDATA[org.testng.TestRunner@72465eb2]]>
              </value>
            </param>
          </params>
          <reporter-output>
          </reporter-output>
        </test-method> <!-- setUp -->
        <test-method signature="testSauceDemo(java.lang.String,java.lang.String,java.lang.String)[pri:0, instance:com.saucedemo.tests.EndToEndWorkflowTest@5bf8fa12]" started-at="2024-12-23T20:51:04 IST" name="testSauceDemo" data-provider="checkoutData" finished-at="2024-12-23T20:51:09 IST" duration-ms="5887" status="PASS">
          <params>
            <param index="0">
              <value>
                <![CDATA[John]]>
              </value>
            </param>
            <param index="1">
              <value>
                <![CDATA[Doe]]>
              </value>
            </param>
            <param index="2">
              <value>
                <![CDATA[12345]]>
              </value>
            </param>
          </params>
          <reporter-output>
          </reporter-output>
        </test-method> <!-- testSauceDemo -->
        <test-method is-config="true" signature="tearDown()[pri:0, instance:com.saucedemo.tests.EndToEndWorkflowTest@5bf8fa12]" started-at="2024-12-23T20:51:09 IST" name="tearDown" finished-at="2024-12-23T20:51:10 IST" duration-ms="1004" status="PASS">
          <reporter-output>
          </reporter-output>
        </test-method> <!-- tearDown -->
        <test-method is-config="true" signature="setUp(org.testng.ITestContext)[pri:0, instance:com.saucedemo.tests.EndToEndWorkflowTest@5bf8fa12]" started-at="2024-12-23T20:51:10 IST" name="setUp" finished-at="2024-12-23T20:51:14 IST" duration-ms="3563" status="PASS">
          <params>
            <param index="0">
              <value>
                <![CDATA[org.testng.TestRunner@72465eb2]]>
              </value>
            </param>
          </params>
          <reporter-output>
          </reporter-output>
        </test-method> <!-- setUp -->
        <test-method signature="testSauceDemo(java.lang.String,java.lang.String,java.lang.String)[pri:0, instance:com.saucedemo.tests.EndToEndWorkflowTest@5bf8fa12]" started-at="2024-12-23T20:51:14 IST" name="testSauceDemo" data-provider="checkoutData" finished-at="2024-12-23T20:51:19 IST" duration-ms="4585" status="PASS">
          <params>
            <param index="0">
              <value>
                <![CDATA[Jane]]>
              </value>
            </param>
            <param index="1">
              <value>
                <![CDATA[Smith]]>
              </value>
            </param>
            <param index="2">
              <value>
                <![CDATA[6780]]>
              </value>
            </param>
          </params>
          <reporter-output>
          </reporter-output>
        </test-method> <!-- testSauceDemo -->
        <test-method is-config="true" signature="tearDown()[pri:0, instance:com.saucedemo.tests.EndToEndWorkflowTest@5bf8fa12]" started-at="2024-12-23T20:51:19 IST" name="tearDown" finished-at="2024-12-23T20:51:19 IST" duration-ms="804" status="PASS">
          <reporter-output>
          </reporter-output>
        </test-method> <!-- tearDown -->
      </class> <!-- com.saucedemo.tests.EndToEndWorkflowTest -->
    </test> <!-- SauceDemoTests -->
  </suite> <!-- Suite -->
</testng-results>
