<?xml version="1.0" encoding="UTF-8"?>
<!-- Generated by org.testng.reporters.JUnitXMLReporter -->
<testsuite ignored="0" hostname="OTX-6MH8K24" failures="1" tests="1" name="API Tests" time="0.034" errors="0" timestamp="2024-12-22T19:42:36 IST">
  <testcase classname="com.saucedemo.tests.EndToEndWorkflowTest" name="testLoginAndPurchase" time="0.0">
    <failure type="org.testng.TestNGException" message="
Method public void com.saucedemo.tests.EndToEndWorkflowTest.testLoginAndPurchase(java.lang.String,java.lang.String,java.lang.String) requires a @DataProvider named : checkoutData">
      <![CDATA[org.testng.TestNGException: 
Method public void com.saucedemo.tests.EndToEndWorkflowTest.testLoginAndPurchase(java.lang.String,java.lang.String,java.lang.String) requires a @DataProvider named : checkoutData
at java.base/java.util.ArrayList.forEach(ArrayList.java:1511)
... Removed 24 stack frames]]>
    </failure>
  </testcase> <!-- testLoginAndPurchase -->
</testsuite> <!-- API Tests -->
